<?xml version="1.0" encoding="UTF-8"?>
<!-- Generated by org.testng.reporters.JUnitXMLReporter -->
<testsuite hostname="Aman" ignored="2" name="Default test" tests="1" failures="0" timestamp="24 Dec 2017 18:13:55 GMT" time="45.732" errors="0">
  <testcase name="fnTestN1" time="26.623" classname="Scripts.Script1"/>
  <testcase name="fnTestN3" time="0.0" classname="Scripts.Script1">
    <ignored/>
  </testcase> <!-- fnTestN3 -->
  <testcase name="fnTestN2" time="0.0" classname="Scripts.Script1">
    <ignored/>
  </testcase> <!-- fnTestN2 -->
</testsuite> <!-- Default test -->
