<?xml version="1.0" encoding="UTF-8"?>
<!-- Generated by org.testng.reporters.JUnitXMLReporter -->
<testsuite hostname="Aman" ignored="0" name="Framework" tests="4" failures="1" timestamp="15 Dec 2017 04:40:40 GMT" time="109.358" errors="0">
  <testcase name="fnTestN1" time="17.129" classname="Scripts.Script1"/>
  <testcase name="fnTestN2" time="21.862" classname="Scripts.Script1"/>
  <testcase name="fnTestN3" time="25.94" classname="Scripts.Script1">
    <failure type="java.lang.AssertionError" message="null">
      <![CDATA[java.lang.AssertionError: null
	at Objects.GmailLogin.validateErrorMessage(GmailLogin.java:126)
	at Scripts.Script1.fnTestN3(Script1.java:100)
... Removed 27 stack frames]]>
    </failure>
  </testcase> <!-- fnTestN3 -->
  <testcase name="fnTestN1" time="7.801" classname="Scripts.Script2"/>
</testsuite> <!-- Framework -->
